<?xml version="1.0" encoding="UTF-8"?>
<testng-results skipped="0" failed="0" total="1"
	passed="1">
	<reporter-output>
	</reporter-output>
	<suite name="Default suite" duration-ms="19335"
		started-at="2019-07-10T06:31:29Z" finished-at="2019-07-10T06:31:49Z">
		<groups>
		</groups>
		<test name="Default test" duration-ms="19335"
			started-at="2019-07-10T06:31:29Z" finished-at="2019-07-10T06:31:49Z">
			<class name="pages.ToolsQATest">
				<test-method status="PASS"
					signature="testDemoQA()[pri:0, instance:pages.ToolsQATest@4501b7af]"
					name="testDemoQA" duration-ms="19301"
					started-at="2019-07-10T12:01:29Z"
					finished-at="2019-07-10T12:01:49Z">
					<reporter-output>
					</reporter-output>
				</test-method> <!-- testDemoQA -->
			</class> <!-- pages.ToolsQATest -->
		</test> <!-- Default test -->
	</suite> <!-- Default suite -->
</testng-results>
