<?xml version="1.0" encoding="UTF-8"?>
<testng-results skipped="0" failed="0" total="1"
	passed="1">
	<reporter-output>
	</reporter-output>
	<suite name="Default suite" duration-ms="12016"
		started-at="2019-06-24T08:43:19Z" finished-at="2019-06-24T08:43:31Z">
		<groups>
		</groups>
		<test name="Default test" duration-ms="12016"
			started-at="2019-06-24T08:43:19Z" finished-at="2019-06-24T08:43:31Z">
			<class name="pages.STMPage">
				<test-method status="PASS"
					signature="init()[pri:0, instance:pages.STMPage@1bce4f0a]"
					name="init" is-config="true" duration-ms="342"
					started-at="2019-06-24T14:13:19Z"
					finished-at="2019-06-24T14:13:19Z">
					<reporter-output>
					</reporter-output>
				</test-method> <!-- init -->
				<test-method status="PASS"
					signature="captureScreenshot()[pri:0, instance:pages.STMPage@1bce4f0a]"
					name="captureScreenshot" duration-ms="8987"
					started-at="2019-06-24T14:13:19Z"
					finished-at="2019-06-24T14:13:28Z">
					<reporter-output>
					</reporter-output>
				</test-method> <!-- captureScreenshot -->
				<test-method status="PASS"
					signature="getResult(org.testng.ITestResult)[pri:0, instance:pages.STMPage@1bce4f0a]"
					name="getResult" is-config="true" duration-ms="3"
					started-at="2019-06-24T14:13:28Z"
					finished-at="2019-06-24T14:13:28Z">
					<params>
						<param index="0">
							<value>
                <![CDATA[[TestResult name=captureScreenshot status=SUCCESS method=STMPage.captureScreenshot()[pri:0, instance:pages.STMPage@1bce4f0a] output={null}]]]>
							</value>
						</param>
					</params>
					<reporter-output>
					</reporter-output>
				</test-method> <!-- getResult -->
				<test-method status="PASS"
					signature="endreport()[pri:0, instance:pages.STMPage@1bce4f0a]"
					name="endreport" is-config="true" duration-ms="2632"
					started-at="2019-06-24T14:13:28Z"
					finished-at="2019-06-24T14:13:31Z">
					<reporter-output>
					</reporter-output>
				</test-method> <!-- endreport -->
			</class> <!-- pages.STMPage -->
		</test> <!-- Default test -->
	</suite> <!-- Default suite -->
</testng-results>
